Unit2a/ListActivityDemo2-Solution/build/intermediates/manifest_merge_blame_file/debug/manifest-merger-blame-debug-report.txt
1<?xml version="1.0" encoding="utf-8"?>
2<manifest xmlns:android="http://schemas.android.com/apk/res/android"
3    package="com.example.listactivitydemo"
4    android:versionCode="1"
5    android:versionName="1.0" >
6
7    <uses-sdk
8        android:minSdkVersion="14"
8-->2a_ListActivityDemo2_Solution\2a_ListActivityDemo2_Solution\AndroidManifest.xml
9        android:targetSdkVersion="28" />
9-->2a_ListActivityDemo2_Solution\2a_ListActivityDemo2_Solution\AndroidManifest.xml
10
11    <application
11-->2a_ListActivityDemo2_Solution\2a_ListActivityDemo2_Solution\AndroidManifest.xml:7:5-21:19
12        android:allowBackup="true"
12-->2a_ListActivityDemo2_Solution\2a_ListActivityDemo2_Solution\AndroidManifest.xml:8:9-35
13        android:debuggable="true"
14        android:icon="@drawable/ic_launcher"
14-->2a_ListActivityDemo2_Solution\2a_ListActivityDemo2_Solution\AndroidManifest.xml:9:9-45
15        android:label="@string/app_name"
15-->2a_ListActivityDemo2_Solution\2a_ListActivityDemo2_Solution\AndroidManifest.xml:10:9-41
16        android:testOnly="true"
17        android:theme="@style/AppTheme" >
17-->2a_ListActivityDemo2_Solution\2a_ListActivityDemo2_Solution\AndroidManifest.xml:11:9-40
18        <activity
18-->2a_ListActivityDemo2_Solution\2a_ListActivityDemo2_Solution\AndroidManifest.xml:12:9-20:20
19            android:name="com.example.listactivitydemo.MainActivity"
19-->2a_ListActivityDemo2_Solution\2a_ListActivityDemo2_Solution\AndroidManifest.xml:13:13-69
20            android:label="@string/app_name" >
20-->2a_ListActivityDemo2_Solution\2a_ListActivityDemo2_Solution\AndroidManifest.xml:14:13-45
21            <intent-filter>
21-->2a_ListActivityDemo2_Solution\2a_ListActivityDemo2_Solution\AndroidManifest.xml:15:13-19:29
22                <action android:name="android.intent.action.MAIN" />
22-->2a_ListActivityDemo2_Solution\2a_ListActivityDemo2_Solution\AndroidManifest.xml:16:17-69
22-->2a_ListActivityDemo2_Solution\2a_ListActivityDemo2_Solution\AndroidManifest.xml:16:25-66
23
24                <category android:name="android.intent.category.LAUNCHER" />
24-->2a_ListActivityDemo2_Solution\2a_ListActivityDemo2_Solution\AndroidManifest.xml:18:17-77
24-->2a_ListActivityDemo2_Solution\2a_ListActivityDemo2_Solution\AndroidManifest.xml:18:27-74
25            </intent-filter>
26        </activity>
27    </application>
28
29</manifest>